2024-08-03 16:15:21-root-DEBUG-addition function is called.
2024-08-03 16:15:21-root-DEBUG-addition is taking place.
2024-08-03 16:15:21-rotating_logger-DEBUG-This is debug message number 0
2024-08-03 16:15:21-rotating_logger-DEBUG-This is debug message number 1
2024-08-03 16:15:21-rotating_logger-DEBUG-This is debug message number 2
2024-08-03 16:15:21-rotating_logger-DEBUG-This is debug message number 3
2024-08-03 16:15:21-rotating_logger-DEBUG-This is debug message number 4
2024-08-03 16:15:21-rotating_logger-DEBUG-This is debug message number 5
2024-08-03 16:15:21-rotating_logger-DEBUG-This is debug message number 6
2024-08-03 16:15:21-rotating_logger-DEBUG-This is debug message number 7
2024-08-03 16:15:21-rotating_logger-DEBUG-This is debug message number 8
2024-08-03 16:15:21-rotating_logger-DEBUG-This is debug message number 9
2024-08-03 16:15:21-rotating_logger-DEBUG-This is debug message number 10
2024-08-03 16:15:21-rotating_logger-DEBUG-This is debug message number 11
2024-08-03 16:15:21-rotating_logger-DEBUG-This is debug message number 12
2024-08-03 16:15:21-rotating_logger-DEBUG-This is debug message number 13
2024-08-03 16:15:21-rotating_logger-DEBUG-This is debug message number 14
2024-08-03 16:15:21-rotating_logger-DEBUG-This is debug message number 15
2024-08-03 16:15:21-rotating_logger-DEBUG-This is debug message number 16
2024-08-03 16:15:21-rotating_logger-DEBUG-This is debug message number 17
2024-08-03 16:15:21-rotating_logger-DEBUG-This is debug message number 18
2024-08-03 16:15:21-rotating_logger-DEBUG-This is debug message number 19
2024-08-03 16:15:21-rotating_logger-DEBUG-This is debug message number 20
2024-08-03 16:15:21-rotating_logger-DEBUG-This is debug message number 21
2024-08-03 16:15:21-rotating_logger-DEBUG-This is debug message number 22
2024-08-03 16:15:21-rotating_logger-DEBUG-This is debug message number 23
2024-08-03 16:15:21-rotating_logger-DEBUG-This is debug message number 24
2024-08-03 16:15:21-rotating_logger-DEBUG-This is debug message number 25
2024-08-03 16:15:21-rotating_logger-DEBUG-This is debug message number 26
2024-08-03 16:15:21-rotating_logger-DEBUG-This is debug message number 27
2024-08-03 16:15:21-rotating_logger-DEBUG-This is debug message number 28
2024-08-03 16:15:21-rotating_logger-DEBUG-This is debug message number 29
2024-08-03 16:15:21-rotating_logger-DEBUG-This is debug message number 30
2024-08-03 16:15:21-rotating_logger-DEBUG-This is debug message number 31
2024-08-03 16:15:21-rotating_logger-DEBUG-This is debug message number 32
2024-08-03 16:15:21-rotating_logger-DEBUG-This is debug message number 33
2024-08-03 16:15:21-rotating_logger-DEBUG-This is debug message number 34
2024-08-03 16:15:21-rotating_logger-DEBUG-This is debug message number 35
2024-08-03 16:15:21-rotating_logger-DEBUG-This is debug message number 36
2024-08-03 16:15:21-rotating_logger-DEBUG-This is debug message number 37
2024-08-03 16:15:21-rotating_logger-DEBUG-This is debug message number 38
2024-08-03 16:15:21-rotating_logger-DEBUG-This is debug message number 39
2024-08-03 16:15:21-rotating_logger-DEBUG-This is debug message number 40
2024-08-03 16:15:21-rotating_logger-DEBUG-This is debug message number 41
2024-08-03 16:15:21-rotating_logger-DEBUG-This is debug message number 42
2024-08-03 16:15:21-rotating_logger-DEBUG-This is debug message number 43
2024-08-03 16:15:21-rotating_logger-DEBUG-This is debug message number 44
2024-08-03 16:15:21-rotating_logger-DEBUG-This is debug message number 45
2024-08-03 16:15:21-rotating_logger-DEBUG-This is debug message number 46
2024-08-03 16:15:21-rotating_logger-DEBUG-This is debug message number 47
2024-08-03 16:15:21-rotating_logger-DEBUG-This is debug message number 48
2024-08-03 16:15:21-rotating_logger-DEBUG-This is debug message number 49
2024-08-03 16:15:21-rotating_logger-DEBUG-This is debug message number 50
2024-08-03 16:15:21-rotating_logger-DEBUG-This is debug message number 51
2024-08-03 16:15:21-rotating_logger-DEBUG-This is debug message number 52
2024-08-03 16:15:21-rotating_logger-DEBUG-This is debug message number 53
2024-08-03 16:15:21-rotating_logger-DEBUG-This is debug message number 54
2024-08-03 16:15:21-rotating_logger-DEBUG-This is debug message number 55
2024-08-03 16:15:21-rotating_logger-DEBUG-This is debug message number 56
2024-08-03 16:15:21-rotating_logger-DEBUG-This is debug message number 57
2024-08-03 16:15:21-rotating_logger-DEBUG-This is debug message number 58
2024-08-03 16:15:21-rotating_logger-DEBUG-This is debug message number 59
2024-08-03 16:15:21-rotating_logger-DEBUG-This is debug message number 60
2024-08-03 16:15:21-rotating_logger-DEBUG-This is debug message number 61
2024-08-03 16:15:21-rotating_logger-DEBUG-This is debug message number 62
2024-08-03 16:15:21-rotating_logger-DEBUG-This is debug message number 63
2024-08-03 16:15:21-rotating_logger-DEBUG-This is debug message number 64
2024-08-03 16:15:21-rotating_logger-DEBUG-This is debug message number 65
2024-08-03 16:15:21-rotating_logger-DEBUG-This is debug message number 66
2024-08-03 16:15:21-rotating_logger-DEBUG-This is debug message number 67
2024-08-03 16:15:21-rotating_logger-DEBUG-This is debug message number 68
2024-08-03 16:15:21-rotating_logger-DEBUG-This is debug message number 69
2024-08-03 16:15:21-rotating_logger-DEBUG-This is debug message number 70
2024-08-03 16:15:21-rotating_logger-DEBUG-This is debug message number 71
2024-08-03 16:15:21-rotating_logger-DEBUG-This is debug message number 72
2024-08-03 16:15:21-rotating_logger-DEBUG-This is debug message number 73
2024-08-03 16:15:21-rotating_logger-DEBUG-This is debug message number 74
2024-08-03 16:15:21-rotating_logger-DEBUG-This is debug message number 75
2024-08-03 16:15:21-rotating_logger-DEBUG-This is debug message number 76
2024-08-03 16:15:21-rotating_logger-DEBUG-This is debug message number 77
2024-08-03 16:15:21-rotating_logger-DEBUG-This is debug message number 78
2024-08-03 16:15:21-rotating_logger-DEBUG-This is debug message number 79
2024-08-03 16:15:21-rotating_logger-DEBUG-This is debug message number 80
2024-08-03 16:15:21-rotating_logger-DEBUG-This is debug message number 81
2024-08-03 16:15:21-rotating_logger-DEBUG-This is debug message number 82
2024-08-03 16:15:21-rotating_logger-DEBUG-This is debug message number 83
2024-08-03 16:15:21-rotating_logger-DEBUG-This is debug message number 84
2024-08-03 16:15:21-rotating_logger-DEBUG-This is debug message number 85
2024-08-03 16:15:21-rotating_logger-DEBUG-This is debug message number 86
2024-08-03 16:15:21-rotating_logger-DEBUG-This is debug message number 87
2024-08-03 16:15:21-rotating_logger-DEBUG-This is debug message number 88
2024-08-03 16:15:21-rotating_logger-DEBUG-This is debug message number 89
2024-08-03 16:15:21-rotating_logger-DEBUG-This is debug message number 90
2024-08-03 16:15:21-rotating_logger-DEBUG-This is debug message number 91
2024-08-03 16:15:21-rotating_logger-DEBUG-This is debug message number 92
2024-08-03 16:15:21-rotating_logger-DEBUG-This is debug message number 93
2024-08-03 16:15:21-rotating_logger-DEBUG-This is debug message number 94
2024-08-03 16:15:21-rotating_logger-DEBUG-This is debug message number 95
2024-08-03 16:15:21-rotating_logger-DEBUG-This is debug message number 96
2024-08-03 16:15:21-rotating_logger-DEBUG-This is debug message number 97
2024-08-03 16:15:21-rotating_logger-DEBUG-This is debug message number 98
2024-08-03 16:15:21-rotating_logger-DEBUG-This is debug message number 99
2024-08-03 16:15:21-contextual_information-DEBUG-This is a debug message
2024-08-03 16:15:21-contextual_information-INFO-This is an info message
2024-08-03 16:15:21-contextual_information-WARNING-This is a warning message
2024-08-03 16:15:21-contextual_information-ERROR-This is an error message
2024-08-03 16:15:21-contextual_information-CRITICAL-This is a critical message
